
Running check 'Phase 1 : Préparation'
=================
APT Repositories:
=================
Repos:
  No active apt repos in: /etc/apt/sources.list 
  Active apt repos in: /etc/apt/sources.list.d/additional-repositories.list 
  1: deb [arch=amd64] https://download.docker.com/linux/ubuntu focal stable
  Active apt repos in: /etc/apt/sources.list.d/antares.list 
  1: deb https://antares-sql.github.io/antares-ppa ./
  Active apt repos in: /etc/apt/sources.list.d/asbru-cm-release.list 
  1: deb [signed-by=/usr/share/keyrings/asbru-cm-release-archive-keyring.gpg] https://dl.cloudsmith.io/public/asbru-cm/release/deb/linuxmint una main
  2: deb-src [signed-by=/usr/share/keyrings/asbru-cm-release-archive-keyring.gpg] https://dl.cloudsmith.io/public/asbru-cm/release/deb/linuxmint una main
  Active apt repos in: /etc/apt/sources.list.d/azure-cli.list 
  1: deb [arch=amd64 signed-by=/etc/apt/keyrings/microsoft.gpg] https://packages.microsoft.com/repos/azure-cli/ una main
  Active apt repos in: /etc/apt/sources.list.d/docker.list 
  1: deb [arch=amd64 signed-by=/etc/apt/keyrings/docker.gpg] https://download.docker.com/linux/ubuntu una stable
  No active apt repos in: /etc/apt/sources.list.d/elastic-8.x.list 
  Active apt repos in: /etc/apt/sources.list.d/google-chrome.list 
  1: deb [arch=amd64] https://dl.google.com/linux/chrome/deb/ stable main
  Active apt repos in: /etc/apt/sources.list.d/hashicorp.list 
  1: deb [signed-by=/usr/share/keyrings/hashicorp-archive-keyring.gpg] https://apt.releases.hashicorp.com una main
  No active apt repos in: /etc/apt/sources.list.d/heroku.list 
  No active apt repos in: /etc/apt/sources.list.d/megasync.list 
  Active apt repos in: /etc/apt/sources.list.d/official-package-repositories.list 
  1: deb http://packages.linuxmint.com una main upstream import backport #id:linuxmint_main
  2: deb http://archive.ubuntu.com/ubuntu focal main restricted universe multiverse
  3: deb http://archive.ubuntu.com/ubuntu focal-updates main restricted universe multiverse
  4: deb http://archive.ubuntu.com/ubuntu focal-backports main restricted universe multiverse
  5: deb http://security.ubuntu.com/ubuntu/ focal-security main restricted universe multiverse
  6: deb http://archive.canonical.com/ubuntu/ focal partner
  Active apt repos in: /etc/apt/sources.list.d/ondrej-php-focal.list 
  1: deb http://ppa.launchpad.net/ondrej/php/ubuntu focal main
  No active apt repos in: /etc/apt/sources.list.d/protonvpn-stable.list 
  No active apt repos in: /etc/apt/sources.list.d/signal-xenial.list 
  Active apt repos in: /etc/apt/sources.list.d/spotify.list 
  1: deb http://repository.spotify.com stable non-free
  No active apt repos in: /etc/apt/sources.list.d/teamviewer.list 
  Active apt repos in: /etc/apt/sources.list.d/vscode.list 
  1: deb [arch=amd64,arm64,armhf] http://packages.microsoft.com/repos/code stable main
=================

Running check 'Version de Linux MInt'
Check succeeded:  Version de Linux MInt

Running check 'Source d'alimentation'
mintupgrade-inhibit-power: aucun processus trouvé
